[------------------------------------------------------------------------------]
[ PDFlib 9.3.1  PHP8 binding on Linux-x86_64 (le) 2022-03-02 17:59:52          ]
[ Classes: api=1 warning=2                                                     ]
[------------------------------------------------------------------------------]

PDF_set_option(p_0x7fdd09896000, "errorpolicy=return")

PDF_set_option(p_0x7fdd09896000, "SearchPath={  {../fonts}  }")
[New category:resource "SearchPath:/usr/local/PDFlib"]
[New category:resource "SearchPath:/usr/local/PDFlib/PDFlib"]
[New category:resource "SearchPath:/usr/local/PDFlib/PDFlib/9.3"]
[New category:resource "SearchPath:/usr/local/PDFlib/PDFlib/9.3/resource/cmap"]
[New category:resource "SearchPath:/usr/local/PDFlib/PDFlib/9.3/resource/codelist"]
[New category:resource "SearchPath:/usr/local/PDFlib/PDFlib/9.3/resource/fonts"]
[New category:resource "SearchPath:/usr/local/PDFlib/PDFlib/9.3/resource/glyphlst"]
[New category:resource "SearchPath:/usr/local/PDFlib/PDFlib/9.3/resource/icc"]
[New category:resource "SearchPath:/home/creams/PDFlib"]
[New category:resource "SearchPath:/home/creams/PDFlib/PDFlib"]
[New category:resource "SearchPath:/home/creams/PDFlib/PDFlib/9.3"]
[New category:resource "SearchPath:/home/creams/PDFlib/PDFlib/9.3/resource/cmap"]
[New category:resource "SearchPath:/home/creams/PDFlib/PDFlib/9.3/resource/codelist"]
[New category:resource "SearchPath:/home/creams/PDFlib/PDFlib/9.3/resource/fonts"]
[New category:resource "SearchPath:/home/creams/PDFlib/PDFlib/9.3/resource/glyphlst"]
[New category:resource "SearchPath:/home/creams/PDFlib/PDFlib/9.3/resource/icc"]
[Read resource file "pdflib.upr"]
[New category:resource "SearchPath:../fonts"]


PDF_begin_document(p_0x7fdd09896000, "", /*c*/0, "optimize=true ")
[Begin document #1]
[1]
PDF_set_option(p_0x7fdd09896000, "FontOutline={NotoSerif-Regular=NotoSerif-Regular.ttf}")
[New category:resource "FontOutline:NotoSerif-Regular = NotoSerif-Regular.ttf"]

PDF_load_font(p_0x7fdd09896000, "NotoSerif-Regular", /*c*/0, "winansi", "simplefont embedding nosubsetting")
[1]

PDF_begin_page_ext(p_0x7fdd09896000, 612.000000, 792.000000, "")
[Begin page #1]
PDF_create_field(p_0x7fdd09896000, 72.000000, 200.000000, 272.000000, 280.000000, "firstbox", /*c*/8, "textfield", "tooltip={Enter your response here} bordercolor={gray 0} multiline=true fontsize=auto font=1")
[Begin template 0]
[End template 0]
PDF_create_field(p_0x7fdd09896000, 65.000000, 320.000000, 265.000000, 400.000000, "secondbox", /*c*/9, "textfield", "tooltip={Enter your response here} bordercolor={gray 0} multiline=true fontsize=auto font=1")
[Begin template 1]
[End template 1]
PDF_end_page_ext(p_0x7fdd09896000, "")
[End page #1]

PDF_end_document(p_0x7fdd09896000, "")
[Full product name: "PDFlib Personalization Server"]
[Document ID: <C93EE0CC935768DEAFD7B29E6234106F> <C93EE0CC935768DEAFD7B29E6234106F>]
[Document ID: <C93EE0CC935768DEAFD7B29E6234106F> <C93EE0CC935768DEAFD7B29E6234106F>]
[End document #1]

PDF_get_buffer(p_0x7fdd09896000, &size_0x7ffe0240a228)
[0x7fdd07565000, size=273850]
PDF_delete(p_0x7fdd09896000)
[2022-03-02 17:59:53]
